<?xml version="1.0" encoding="UTF-8" ?>
<testsuite tests="7" failures="0" name="com.zwwhnly.mybatisaction.mapper.SysRoleMapperTest" time="0.214" errors="0" skipped="0">
  <properties>
    <property name="java.runtime.name" value="OpenJDK Runtime Environment"/>
    <property name="java.vm.version" value="14.0.1+7"/>
    <property name="sun.boot.library.path" value="C:\Users\lixiangping\.jdks\openjdk-14.0.1\bin"/>
    <property name="maven.multiModuleProjectDirectory" value="C:\File\github\mybatis-action"/>
    <property name="java.vm.vendor" value="Oracle Corporation"/>
    <property name="java.vendor.url" value="https://java.oracle.com/"/>
    <property name="guice.disable.misplaced.annotation.check" value="true"/>
    <property name="path.separator" value=";"/>
    <property name="java.vm.name" value="OpenJDK 64-Bit Server VM"/>
    <property name="sun.os.patch.level" value=""/>
    <property name="user.script" value=""/>
    <property name="user.country" value="CN"/>
    <property name="sun.java.launcher" value="SUN_STANDARD"/>
    <property name="java.vm.specification.name" value="Java Virtual Machine Specification"/>
    <property name="user.dir" value="C:\File\github\mybatis-action"/>
    <property name="java.vm.compressedOopsMode" value="Zero based"/>
    <property name="java.runtime.version" value="14.0.1+7"/>
    <property name="os.arch" value="amd64"/>
    <property name="java.io.tmpdir" value="C:\Users\LIXIAN~1\AppData\Local\Temp\"/>
    <property name="line.separator" value="
"/>
    <property name="java.vm.specification.vendor" value="Oracle Corporation"/>
    <property name="user.variant" value=""/>
    <property name="os.name" value="Windows 10"/>
    <property name="maven.ext.class.path" value="C:\Users\lixiangping\AppData\Local\JetBrains\Toolbox\apps\IDEA-U\ch-0\201.7223.91\plugins\maven\lib\maven-event-listener.jar"/>
    <property name="classworlds.conf" value="C:\File\GreenSoftware\apache-maven-3.6.3\bin\m2.conf"/>
    <property name="sun.jnu.encoding" value="GBK"/>
    <property name="java.library.path" value="C:\Users\lixiangping\.jdks\openjdk-14.0.1\bin;C:\WINDOWS\Sun\Java\bin;C:\WINDOWS\system32;C:\WINDOWS;C:\Users\lixiangping\.jdks\openjdk-14.0.1\bin;C:\oracle\product\12.2.0\dbhome_1\bin;C:\Program Files (x86)\Common Files\Oracle\Java\javapath;C:\Windows\system32;C:\Windows;C:\Windows\System32\Wbem;C:\Windows\System32\WindowsPowerShell\v1.0\;C:\Windows\System32\OpenSSH\;C:\Program Files (x86)\NVIDIA Corporation\PhysX\Common;C:\Program Files\NVIDIA Corporation\NVIDIA NvDLISR;C:\Program Files\TortoiseSVN\bin;C:\File\GreenSoftware\apache-maven-3.6.3\bin;C:\Program Files\nodejs\;C:\Program Files\dotnet\;C:\Program Files\Microsoft SQL Server\130\Tools\Binn\;C:\Program Files\Microsoft SQL Server\Client SDK\ODBC\170\Tools\Binn\;C:\Program Files\Calibre2\;C:\Program Files\Git\cmd;C:\Program Files\TortoiseGit\bin;C:\WINDOWS\system32;C:\WINDOWS;C:\WINDOWS\System32\Wbem;C:\WINDOWS\System32\WindowsPowerShell\v1.0\;C:\WINDOWS\System32\OpenSSH\;C:\File\program\xshell7\;C:\File\program\xftp7\;C:\File\program\mysql\mysql-8.0.24-winx64\bin;C:\Program Files\7-Zip;C:\Users\lixiangping\AppData\Local\Programs\Python\Python39\Scripts\;C:\Users\lixiangping\AppData\Local\Programs\Python\Python39\;C:\Users\lixiangping\AppData\Local\Microsoft\WindowsApps;C:\Users\lixiangping\AppData\Local\Programs\Microsoft VS Code\bin;C:\Users\lixiangping\AppData\Roaming\npm;C:\Users\lixiangping\.dotnet\tools;C:\Users\lixiangping\AppData\Local\Programs\Fiddler;C:\Users\lixiangping\AppData\Local\Microsoft\WindowsApps;C:\Users\lixiangping\AppData\Local\MaxTo\;."/>
    <property name="maven.conf" value="C:\File\GreenSoftware\apache-maven-3.6.3/conf"/>
    <property name="jdk.debug" value="release"/>
    <property name="java.class.version" value="58.0"/>
    <property name="java.specification.name" value="Java Platform API Specification"/>
    <property name="sun.management.compiler" value="HotSpot 64-Bit Tiered Compilers"/>
    <property name="os.version" value="10.0"/>
    <property name="user.home" value="C:\Users\lixiangping"/>
    <property name="user.timezone" value="Asia/Shanghai"/>
    <property name="file.encoding" value="UTF-8"/>
    <property name="java.specification.version" value="14"/>
    <property name="user.name" value="lixiangping"/>
    <property name="java.class.path" value="C:\File\GreenSoftware\apache-maven-3.6.3\boot\plexus-classworlds-2.6.0.jar;C:\File\GreenSoftware\apache-maven-3.6.3\boot\plexus-classworlds.license"/>
    <property name="java.vm.specification.version" value="14"/>
    <property name="sun.arch.data.model" value="64"/>
    <property name="sun.java.command" value="org.codehaus.classworlds.Launcher -Didea.version2020.1.1 -s C:\File\GreenSoftware\apache-maven-3.6.3\conf\settings.xml install"/>
    <property name="java.home" value="C:\Users\lixiangping\.jdks\openjdk-14.0.1"/>
    <property name="user.language" value="zh"/>
    <property name="java.specification.vendor" value="Oracle Corporation"/>
    <property name="idea.version2020.1.1" value="true"/>
    <property name="java.vm.info" value="mixed mode, sharing"/>
    <property name="java.version" value="14.0.1"/>
    <property name="java.vendor" value="Oracle Corporation"/>
    <property name="maven.home" value="C:\File\GreenSoftware\apache-maven-3.6.3"/>
    <property name="file.separator" value="\"/>
    <property name="java.version.date" value="2020-04-14"/>
    <property name="java.vendor.url.bug" value="https://bugreport.java.com/bugreport/"/>
    <property name="sun.io.unicode.encoding" value="UnicodeLittle"/>
    <property name="sun.cpu.endian" value="little"/>
    <property name="sun.cpu.isalist" value="amd64"/>
  </properties>
  <testcase classname="com.zwwhnly.mybatisaction.mapper.SysRoleMapperTest" name="testSelectRoleByUserId" time="0.059"/>
  <testcase classname="com.zwwhnly.mybatisaction.mapper.SysRoleMapperTest" name="testSelectAll" time="0.022"/>
  <testcase classname="com.zwwhnly.mybatisaction.mapper.SysRoleMapperTest" name="testUpdateById" time="0.033"/>
  <testcase classname="com.zwwhnly.mybatisaction.mapper.SysRoleMapperTest" name="testSelectRoleByUserIdChoose" time="0.037"/>
  <testcase classname="com.zwwhnly.mybatisaction.mapper.SysRoleMapperTest" name="testSelectAllRoleAndPrivileges" time="0.025"/>
  <testcase classname="com.zwwhnly.mybatisaction.mapper.SysRoleMapperTest" name="testSelectByIdUseResults" time="0.019"/>
  <testcase classname="com.zwwhnly.mybatisaction.mapper.SysRoleMapperTest" name="testSelectById" time="0.019"/>
</testsuite>